build/app/intermediates/manifest_merge_blame_file/debug/manifest-merger-blame-debug-report.txt
1<?xml version="1.0" encoding="utf-8"?>
2<manifest xmlns:android="http://schemas.android.com/apk/res/android"
3    package="com.dicoding.ditonton"
4    android:versionCode="1"
5    android:versionName="1.0.0" >
6
7    <uses-sdk
8        android:minSdkVersion="21"
9        android:targetSdkVersion="30" />
10    <!--
11         Flutter needs it to communicate with the running application
12         to allow setting breakpoints, to provide hot reload, etc.
13    -->
14    <uses-permission android:name="android.permission.INTERNET" />
14-->src\main\AndroidManifest.xml:3:5-66
14-->src\main\AndroidManifest.xml:3:22-64
15    <uses-permission android:name="android.permission.ACCESS_NETWORK_STATE" />
15-->[:firebase_analytics] AndroidManifest.xml:7:5-79
15-->[:firebase_analytics] AndroidManifest.xml:7:22-76
16    <uses-permission android:name="android.permission.WAKE_LOCK" />
16-->[:firebase_analytics] AndroidManifest.xml:9:5-68
16-->[:firebase_analytics] AndroidManifest.xml:9:22-65
17    <uses-permission android:name="com.google.android.gms.permission.AD_ID" />
17-->[com.google.android.gms:play-services-measurement-api:21.2.0] AndroidManifest.xml:25:5-79
17-->[com.google.android.gms:play-services-measurement-api:21.2.0] AndroidManifest.xml:25:22-76
18    <uses-permission android:name="com.google.android.finsky.permission.BIND_GET_INSTALL_REFERRER_SERVICE" />
18-->[com.google.android.gms:play-services-measurement:21.2.0] AndroidManifest.xml:26:5-110
18-->[com.google.android.gms:play-services-measurement:21.2.0] AndroidManifest.xml:26:22-107
19
20    <application
20-->src\main\AndroidManifest.xml:4:4-42:19
21        android:appComponentFactory="androidx.core.app.CoreComponentFactory"
21-->[androidx.core:core:1.6.0] AndroidManifest.xml:24:18-86
22        android:debuggable="true"
23        android:icon="@mipmap/ic_launcher"
23-->src\main\AndroidManifest.xml:6:9-43
24        android:label="ditonton"
24-->src\main\AndroidManifest.xml:5:9-33
25        android:usesCleartextTraffic="true" >
25-->src\main\AndroidManifest.xml:7:9-44
26        <activity
26-->src\main\AndroidManifest.xml:8:9-36:20
27            android:name="com.dicoding.ditonton.MainActivity"
27-->src\main\AndroidManifest.xml:9:13-41
28            android:configChanges="orientation|keyboardHidden|keyboard|screenSize|smallestScreenSize|locale|layoutDirection|fontScale|screenLayout|density|uiMode"
28-->src\main\AndroidManifest.xml:12:13-163
29            android:hardwareAccelerated="true"
29-->src\main\AndroidManifest.xml:13:13-47
30            android:launchMode="singleTop"
30-->src\main\AndroidManifest.xml:10:13-43
31            android:theme="@style/LaunchTheme"
31-->src\main\AndroidManifest.xml:11:13-47
32            android:windowSoftInputMode="adjustResize" >
32-->src\main\AndroidManifest.xml:14:13-55
33
34            <!--
35                 Specifies an Android theme to apply to this Activity as soon as
36                 the Android process has started. This theme is visible to the user
37                 while the Flutter UI initializes. After that, this theme continues
38                 to determine the Window background behind the Flutter UI.
39            -->
40            <meta-data
40-->src\main\AndroidManifest.xml:19:13-22:17
41                android:name="io.flutter.embedding.android.NormalTheme"
41-->src\main\AndroidManifest.xml:20:15-70
42                android:resource="@style/NormalTheme" />
42-->src\main\AndroidManifest.xml:21:15-52
43            <!--
44                 Displays an Android View that continues showing the launch screen
45                 Drawable until Flutter paints its first frame, then this splash
46                 screen fades out. A splash screen is useful to avoid any visual
47                 gap between the end of Android's launch screen and the painting of
48                 Flutter's first frame.
49            -->
50            <meta-data
50-->src\main\AndroidManifest.xml:28:13-31:17
51                android:name="io.flutter.embedding.android.SplashScreenDrawable"
51-->src\main\AndroidManifest.xml:29:15-79
52                android:resource="@drawable/launch_background" />
52-->src\main\AndroidManifest.xml:30:15-61
53
54            <intent-filter>
54-->src\main\AndroidManifest.xml:32:13-35:29
55                <action android:name="android.intent.action.MAIN" />
55-->src\main\AndroidManifest.xml:33:17-68
55-->src\main\AndroidManifest.xml:33:25-66
56
57                <category android:name="android.intent.category.LAUNCHER" />
57-->src\main\AndroidManifest.xml:34:17-76
57-->src\main\AndroidManifest.xml:34:27-74
58            </intent-filter>
59        </activity>
60        <!--
61             Don't delete the meta-data below.
62             This is used by the Flutter tool to generate GeneratedPluginRegistrant.java
63        -->
64        <meta-data
64-->src\main\AndroidManifest.xml:39:9-41:33
65            android:name="flutterEmbedding"
65-->src\main\AndroidManifest.xml:40:13-44
66            android:value="2" />
66-->src\main\AndroidManifest.xml:41:13-30
67
68        <service
68-->[:firebase_crashlytics] AndroidManifest.xml:8:9-12:19
69            android:name="com.google.firebase.components.ComponentDiscoveryService"
69-->[:firebase_crashlytics] AndroidManifest.xml:8:18-89
70            android:directBootAware="true"
70-->[com.google.firebase:firebase-common:20.2.0] AndroidManifest.xml:34:13-43
71            android:exported="false" >
71-->[com.google.firebase:firebase-crashlytics:18.3.1] AndroidManifest.xml:16:13-37
72            <meta-data
72-->[:firebase_crashlytics] AndroidManifest.xml:9:13-11:85
73                android:name="com.google.firebase.components:io.flutter.plugins.firebase.crashlytics.FlutterFirebaseAppRegistrar"
73-->[:firebase_crashlytics] AndroidManifest.xml:10:17-130
74                android:value="com.google.firebase.components.ComponentRegistrar" />
74-->[:firebase_crashlytics] AndroidManifest.xml:11:17-82
75            <meta-data
75-->[:firebase_analytics] AndroidManifest.xml:13:13-15:85
76                android:name="com.google.firebase.components:io.flutter.plugins.firebase.analytics.FlutterFirebaseAppRegistrar"
76-->[:firebase_analytics] AndroidManifest.xml:14:17-128
77                android:value="com.google.firebase.components.ComponentRegistrar" />
77-->[:firebase_analytics] AndroidManifest.xml:15:17-82
78            <meta-data
78-->[:firebase_core] AndroidManifest.xml:9:13-11:85
79                android:name="com.google.firebase.components:io.flutter.plugins.firebase.core.FlutterFirebaseCoreRegistrar"
79-->[:firebase_core] AndroidManifest.xml:10:17-124
80                android:value="com.google.firebase.components.ComponentRegistrar" />
80-->[:firebase_core] AndroidManifest.xml:11:17-82
81            <meta-data
81-->[com.google.firebase:firebase-crashlytics:18.3.1] AndroidManifest.xml:17:13-19:85
82                android:name="com.google.firebase.components:com.google.firebase.crashlytics.CrashlyticsRegistrar"
82-->[com.google.firebase:firebase-crashlytics:18.3.1] AndroidManifest.xml:18:17-115
83                android:value="com.google.firebase.components.ComponentRegistrar" />
83-->[com.google.firebase:firebase-crashlytics:18.3.1] AndroidManifest.xml:19:17-82
84            <meta-data
84-->[com.google.android.gms:play-services-measurement-api:21.2.0] AndroidManifest.xml:31:13-33:85
85                android:name="com.google.firebase.components:com.google.firebase.analytics.connector.internal.AnalyticsConnectorRegistrar"
85-->[com.google.android.gms:play-services-measurement-api:21.2.0] AndroidManifest.xml:32:17-139
86                android:value="com.google.firebase.components.ComponentRegistrar" />
86-->[com.google.android.gms:play-services-measurement-api:21.2.0] AndroidManifest.xml:33:17-82
87            <meta-data
87-->[com.google.firebase:firebase-installations:17.1.0] AndroidManifest.xml:17:13-19:85
88                android:name="com.google.firebase.components:com.google.firebase.installations.FirebaseInstallationsRegistrar"
88-->[com.google.firebase:firebase-installations:17.1.0] AndroidManifest.xml:18:17-127
89                android:value="com.google.firebase.components.ComponentRegistrar" />
89-->[com.google.firebase:firebase-installations:17.1.0] AndroidManifest.xml:19:17-82
90        </service>
91
92        <uses-library
92-->[androidx.window:window:1.0.0-beta04] AndroidManifest.xml:25:9-27:40
93            android:name="androidx.window.extensions"
93-->[androidx.window:window:1.0.0-beta04] AndroidManifest.xml:26:13-54
94            android:required="false" />
94-->[androidx.window:window:1.0.0-beta04] AndroidManifest.xml:27:13-37
95        <uses-library
95-->[androidx.window:window:1.0.0-beta04] AndroidManifest.xml:28:9-30:40
96            android:name="androidx.window.sidecar"
96-->[androidx.window:window:1.0.0-beta04] AndroidManifest.xml:29:13-51
97            android:required="false" />
97-->[androidx.window:window:1.0.0-beta04] AndroidManifest.xml:30:13-37
98
99        <provider
99-->[com.google.firebase:firebase-common:20.2.0] AndroidManifest.xml:25:9-30:39
100            android:name="com.google.firebase.provider.FirebaseInitProvider"
100-->[com.google.firebase:firebase-common:20.2.0] AndroidManifest.xml:26:13-77
101            android:authorities="com.dicoding.ditonton.firebaseinitprovider"
101-->[com.google.firebase:firebase-common:20.2.0] AndroidManifest.xml:27:13-72
102            android:directBootAware="true"
102-->[com.google.firebase:firebase-common:20.2.0] AndroidManifest.xml:28:13-43
103            android:exported="false"
103-->[com.google.firebase:firebase-common:20.2.0] AndroidManifest.xml:29:13-37
104            android:initOrder="100" />
104-->[com.google.firebase:firebase-common:20.2.0] AndroidManifest.xml:30:13-36
105
106        <receiver
106-->[com.google.android.gms:play-services-measurement:21.2.0] AndroidManifest.xml:29:9-33:20
107            android:name="com.google.android.gms.measurement.AppMeasurementReceiver"
107-->[com.google.android.gms:play-services-measurement:21.2.0] AndroidManifest.xml:30:13-85
108            android:enabled="true"
108-->[com.google.android.gms:play-services-measurement:21.2.0] AndroidManifest.xml:31:13-35
109            android:exported="false" >
109-->[com.google.android.gms:play-services-measurement:21.2.0] AndroidManifest.xml:32:13-37
110        </receiver>
111
112        <service
112-->[com.google.android.gms:play-services-measurement:21.2.0] AndroidManifest.xml:35:9-38:40
113            android:name="com.google.android.gms.measurement.AppMeasurementService"
113-->[com.google.android.gms:play-services-measurement:21.2.0] AndroidManifest.xml:36:13-84
114            android:enabled="true"
114-->[com.google.android.gms:play-services-measurement:21.2.0] AndroidManifest.xml:37:13-35
115            android:exported="false" />
115-->[com.google.android.gms:play-services-measurement:21.2.0] AndroidManifest.xml:38:13-37
116        <service
116-->[com.google.android.gms:play-services-measurement:21.2.0] AndroidManifest.xml:39:9-43:72
117            android:name="com.google.android.gms.measurement.AppMeasurementJobService"
117-->[com.google.android.gms:play-services-measurement:21.2.0] AndroidManifest.xml:40:13-87
118            android:enabled="true"
118-->[com.google.android.gms:play-services-measurement:21.2.0] AndroidManifest.xml:41:13-35
119            android:exported="false"
119-->[com.google.android.gms:play-services-measurement:21.2.0] AndroidManifest.xml:42:13-37
120            android:permission="android.permission.BIND_JOB_SERVICE" />
120-->[com.google.android.gms:play-services-measurement:21.2.0] AndroidManifest.xml:43:13-69
121
122        <meta-data
122-->[com.google.android.gms:play-services-basement:18.1.0] AndroidManifest.xml:21:9-23:69
123            android:name="com.google.android.gms.version"
123-->[com.google.android.gms:play-services-basement:18.1.0] AndroidManifest.xml:22:13-58
124            android:value="@integer/google_play_services_version" />
124-->[com.google.android.gms:play-services-basement:18.1.0] AndroidManifest.xml:23:13-66
125
126        <service
126-->[com.google.android.datatransport:transport-backend-cct:3.1.8] AndroidManifest.xml:28:9-34:19
127            android:name="com.google.android.datatransport.runtime.backends.TransportBackendDiscovery"
127-->[com.google.android.datatransport:transport-backend-cct:3.1.8] AndroidManifest.xml:29:13-103
128            android:exported="false" >
128-->[com.google.android.datatransport:transport-backend-cct:3.1.8] AndroidManifest.xml:30:13-37
129            <meta-data
129-->[com.google.android.datatransport:transport-backend-cct:3.1.8] AndroidManifest.xml:31:13-33:39
130                android:name="backend:com.google.android.datatransport.cct.CctBackendFactory"
130-->[com.google.android.datatransport:transport-backend-cct:3.1.8] AndroidManifest.xml:32:17-94
131                android:value="cct" />
131-->[com.google.android.datatransport:transport-backend-cct:3.1.8] AndroidManifest.xml:33:17-36
132        </service>
133        <service
133-->[com.google.android.datatransport:transport-runtime:3.1.8] AndroidManifest.xml:26:9-30:19
134            android:name="com.google.android.datatransport.runtime.scheduling.jobscheduling.JobInfoSchedulerService"
134-->[com.google.android.datatransport:transport-runtime:3.1.8] AndroidManifest.xml:27:13-117
135            android:exported="false"
135-->[com.google.android.datatransport:transport-runtime:3.1.8] AndroidManifest.xml:28:13-37
136            android:permission="android.permission.BIND_JOB_SERVICE" >
136-->[com.google.android.datatransport:transport-runtime:3.1.8] AndroidManifest.xml:29:13-69
137        </service>
138
139        <receiver
139-->[com.google.android.datatransport:transport-runtime:3.1.8] AndroidManifest.xml:32:9-34:40
140            android:name="com.google.android.datatransport.runtime.scheduling.jobscheduling.AlarmManagerSchedulerBroadcastReceiver"
140-->[com.google.android.datatransport:transport-runtime:3.1.8] AndroidManifest.xml:33:13-132
141            android:exported="false" />
141-->[com.google.android.datatransport:transport-runtime:3.1.8] AndroidManifest.xml:34:13-37
142    </application>
143
144</manifest>